/*C12*/SET SCHEMA PUBLIC
ALTER SEQUENCE PUBLIC.HIBERNATE_SEQUENCE RESTART WITH 181
INSERT INTO USERS VALUES(163,'matija.rabuzin@etfos.com','dcfff','wwwe','MALE')
COMMIT
DELETE FROM USERS WHERE ID=163
COMMIT
DISCONNECT
/*C18*/SET SCHEMA PUBLIC
DISCONNECT
/*C15*/SET SCHEMA PUBLIC
DISCONNECT
/*C20*/SET SCHEMA PUBLIC
DISCONNECT
/*C13*/SET SCHEMA PUBLIC
DISCONNECT
/*C17*/SET SCHEMA PUBLIC
DISCONNECT
/*C14*/SET SCHEMA PUBLIC
DISCONNECT
/*C16*/SET SCHEMA PUBLIC
DISCONNECT
/*C19*/SET SCHEMA PUBLIC
DISCONNECT
/*C21*/SET SCHEMA PUBLIC
DISCONNECT
/*C22*/SET SCHEMA PUBLIC
DELETE FROM TASK WHERE ID=122
DELETE FROM TASK WHERE ID=126
DELETE FROM TASK WHERE ID=127
COMMIT
DELETE FROM USERS WHERE ID=112
COMMIT
DELETE FROM TASK WHERE ID=125
DELETE FROM TASK WHERE ID=128
COMMIT
DELETE FROM USERS WHERE ID=115
COMMIT
DELETE FROM USERS WHERE ID=152
COMMIT
INSERT INTO USERS VALUES(164,'matija.rabuzin94@gmail.com','Matija','Rabuzin','MALE')
COMMIT
DELETE FROM USERS WHERE ID=164
COMMIT
INSERT INTO USERS VALUES(165,'matija.rabuzin94@gmail.com','Matija','Rabuzin','MALE')
COMMIT
INSERT INTO TASK VALUES(172,'2018-04-19 13:36:32.594000','zjnhtbgvfe mjkhngbfvd','Create login form',165)
ALTER SEQUENCE PUBLIC.HIBERNATE_SEQUENCE RESTART WITH 191
COMMIT
INSERT INTO USERS VALUES(166,'marija.rabuzin94@gmail.com','Pero','Peric','MALE')
COMMIT
INSERT INTO TASK VALUES(173,'2018-04-19 13:37:14.216000','ikujzhtgrfedcs','Debug program',166)
COMMIT
